<?xml version="1.0" encoding="UTF-8"?>
<!-- Generated by org.testng.reporters.JUnitReportReporter -->
<testsuite hostname="NORAJONES" failures="0" tests="2" name="getRequest.GetData" time="1.218" errors="0" timestamp="19 Jun 2018 21:16:03 GMT" skipped="0">
  <testcase classname="getRequest.GetData" name="ResponseOutput" time="1.092"/>
  <testcase classname="getRequest.GetData" name="testResponsecode" time="0.126"/>
</testsuite> <!-- getRequest.GetData -->
