<?xml version="1.0" encoding="UTF-8"?>
<!-- Generated by org.testng.reporters.JUnitReportReporter -->
<testsuite hostname="NORAJONES" failures="0" tests="2" name="getRequest.GetData" time="1.219" errors="0" timestamp="20 Jun 2018 17:22:39 GMT" skipped="0">
  <testcase classname="getRequest.GetData" name="testResponsecode" time="0.097"/>
  <testcase classname="getRequest.GetData" name="ResponseOutput" time="1.122"/>
</testsuite> <!-- getRequest.GetData -->
