<?xml version="1.0" encoding="UTF-8"?>
<!-- Generated by org.testng.reporters.JUnitReportReporter -->
<testsuite hostname="NORAJONES" failures="0" tests="2" name="parameters.DataProviderInTest" time="0.013" errors="0" timestamp="19 Jun 2018 21:15:30 GMT" skipped="0">
  <testcase classname="parameters.DataProviderInTest" name="testGeoLookup" time="0.012"/>
  <testcase classname="parameters.DataProviderInTest" name="testGeoLookup" time="0.001"/>
</testsuite> <!-- parameters.DataProviderInTest -->
